<?xml version="1.0" encoding="UTF-8"?>
<testsuite name="Como usuario de petstore" tests="1" skipped="0" failures="0" errors="0" timestamp="2023-09-10T04:28:03" hostname="LAPTOP-548RBPKP" time="12.651">
  <properties/>
  <testcase name="Realizar el consumo de las APIS de la tienda petstore" classname="Como usuario de petstore" time="12.651"/>
  <system-out><![CDATA[[]
]]></system-out>
  <system-err><![CDATA[[Test worker] INFO io.cucumber.core.plugin.SerenityReporter - Running feature from file:///C:/Users/jhons/IdeaProjects/demoblaze/src/test/resources/features/PetStore.feature
[Test worker] INFO  - 
  _____   ___   ___   _____     ___   _____     _     ___   _____   ___   ___  
 |_   _| | __| / __| |_   _|   / __| |_   _|   /_\   | _ \ |_   _| | __| |   \ 
   | |   | _|  \__ \   | |     \__ \   | |    / _ \  |   /   | |   | _|  | |) |
   |_|   |___| |___/   |_|     |___/   |_|   /_/ \_\ |_|_\   |_|   |___| |___/ 

Realizar el consumo de las APIS de la tienda petstore(como-usuario-de-petstore;realizar-el-consumo-de-las-apis-de-la-tienda-petstore)
--------------------------------------------------------------------------------
[Test worker] INFO  - 
  _____   ___   ___   _____     ___     _     ___   ___   ___   ___  
 |_   _| | __| / __| |_   _|   | _ \   /_\   / __| / __| | __| |   \ 
   | |   | _|  \__ \   | |     |  _/  / _ \  \__ \ \__ \ | _|  | |) |
   |_|   |___| |___/   |_|     |_|   /_/ \_\ |___/ |___/ |___| |___/ 

Realizar el consumo de las APIS de la tienda petstore
----------------------------------------------------------------------
]]></system-err>
</testsuite>
